c:\users\santiago\documents\github\network-sniffer-cli\network-sniffer-cli\debug\vc142.pdb
c:\users\santiago\documents\github\network-sniffer-cli\network-sniffer-cli\debug\vc142.idb
c:\users\santiago\documents\github\network-sniffer-cli\network-sniffer-cli\debug\local-packet.obj
c:\users\santiago\documents\github\network-sniffer-cli\network-sniffer-cli\debug\hmi.obj
c:\users\santiago\documents\github\network-sniffer-cli\network-sniffer-cli\debug\main.obj
c:\users\santiago\documents\github\network-sniffer-cli\network-sniffer-cli\debug\packet.obj
c:\users\santiago\documents\github\network-sniffer-cli\network-sniffer-cli\debug\local_packet.obj
c:\users\santiago\documents\github\network-sniffer-cli\network-sniffer-cli\debug\network_adapter.obj
c:\users\santiago\documents\github\network-sniffer-cli\debug\network-sniffer-cli.exe
c:\users\santiago\documents\github\network-sniffer-cli\debug\network-sniffer-cli.ilk
c:\users\santiago\documents\github\network-sniffer-cli\debug\network-sniffer-cli.pdb
c:\users\santiago\documents\github\network-sniffer-cli\network-sniffer-cli\debug\network-sniffer-cli.obj
c:\users\santiago\documents\github\network-sniffer-cli\network-sniffer-cli\debug\hmi.obj.enc
c:\users\santiago\documents\github\network-sniffer-cli\network-sniffer-cli\debug\main.obj.enc
c:\users\santiago\documents\github\network-sniffer-cli\network-sniffer-cli\debug\network-.8883429c.tlog\cl.command.1.tlog
c:\users\santiago\documents\github\network-sniffer-cli\network-sniffer-cli\debug\network-.8883429c.tlog\cl.read.1.tlog
c:\users\santiago\documents\github\network-sniffer-cli\network-sniffer-cli\debug\network-.8883429c.tlog\cl.write.1.tlog
c:\users\santiago\documents\github\network-sniffer-cli\network-sniffer-cli\debug\network-.8883429c.tlog\link.command.1.tlog
c:\users\santiago\documents\github\network-sniffer-cli\network-sniffer-cli\debug\network-.8883429c.tlog\link.read.1.tlog
c:\users\santiago\documents\github\network-sniffer-cli\network-sniffer-cli\debug\network-.8883429c.tlog\link.write.1.tlog
